<?xml version="1.0" encoding="UTF-8" standalone="no"?>
<!DOCTYPE log SYSTEM "logger.dtd">
<log>
<record>
  <date>2018-10-21T02:26:44</date>
  <millis>1540069004410</millis>
  <sequence>0</sequence>
  <level>START</level>
  <class>com.kms.katalon.core.logging.KeywordLogger</class>
  <method>startSuite</method>
  <thread>1</thread>
  <message>Start Test Suite : Test Suites/Login</message>
  <nestedLevel>0</nestedLevel>
  <property name="name">Login</property>
  <property name="description"></property>
  <property name="id">Test Suites/Login</property>
</record>
<record>
  <date>2018-10-21T02:26:44</date>
  <millis>1540069004438</millis>
  <sequence>1</sequence>
  <level>RUN_DATA</level>
  <class>com.kms.katalon.core.logging.KeywordLogger</class>
  <method>logMessage</method>
  <thread>1</thread>
  <message>Logging run data &amp;apos;hostName&amp;apos; with value &amp;apos;NITISH - home&amp;apos;</message>
  <nestedLevel>0</nestedLevel>
  <property name="hostName">NITISH - home</property>
</record>
<record>
  <date>2018-10-21T02:26:44</date>
  <millis>1540069004441</millis>
  <sequence>2</sequence>
  <level>RUN_DATA</level>
  <class>com.kms.katalon.core.logging.KeywordLogger</class>
  <method>logMessage</method>
  <thread>1</thread>
  <message>Logging run data &amp;apos;os&amp;apos; with value &amp;apos;Windows 8.1 64bit&amp;apos;</message>
  <nestedLevel>0</nestedLevel>
  <property name="os">Windows 8.1 64bit</property>
</record>
<record>
  <date>2018-10-21T02:26:44</date>
  <millis>1540069004442</millis>
  <sequence>3</sequence>
  <level>RUN_DATA</level>
  <class>com.kms.katalon.core.logging.KeywordLogger</class>
  <method>logMessage</method>
  <thread>1</thread>
  <message>Logging run data &amp;apos;hostAddress&amp;apos; with value &amp;apos;192.168.0.103&amp;apos;</message>
  <nestedLevel>0</nestedLevel>
  <property name="hostAddress">192.168.0.103</property>
</record>
<record>
  <date>2018-10-21T02:26:44</date>
  <millis>1540069004443</millis>
  <sequence>4</sequence>
  <level>RUN_DATA</level>
  <class>com.kms.katalon.core.logging.KeywordLogger</class>
  <method>logMessage</method>
  <thread>1</thread>
  <message>Logging run data &amp;apos;katalonVersion&amp;apos; with value &amp;apos;5.8.0.1&amp;apos;</message>
  <nestedLevel>0</nestedLevel>
  <property name="katalonVersion">5.8.0.1</property>
</record>
<record>
  <date>2018-10-21T02:26:44</date>
  <millis>1540069004919</millis>
  <sequence>5</sequence>
  <level>START</level>
  <class>com.kms.katalon.core.logging.KeywordLogger</class>
  <method>startTest</method>
  <thread>1</thread>
  <message>Start Test Case : Test Cases/Login/Login</message>
  <nestedLevel>1</nestedLevel>
  <property name="name">Test Cases/Login/Login</property>
  <property name="description"></property>
  <property name="id">Test Cases/Login/Login</property>
  <property name="source">E:\\Kula\\Project\\KulaProject\\New\\Kula\\Test Cases\\Login\\Login.tc</property>
  <property name="isOptional">false</property>
</record>
<record>
  <date>2018-10-21T02:26:44</date>
  <millis>1540069004968</millis>
  <sequence>6</sequence>
  <level>INFO</level>
  <class>com.kms.katalon.core.logging.KeywordLogger</class>
  <method>logMessage</method>
  <thread>1</thread>
  <message>Evaluating variables for test case</message>
  <nestedLevel>1</nestedLevel>
</record>
<record>
  <date>2018-10-21T02:26:44</date>
  <millis>1540069004973</millis>
  <sequence>7</sequence>
  <level>INFO</level>
  <class>com.kms.katalon.core.logging.KeywordLogger</class>
  <method>logMessage</method>
  <thread>1</thread>
  <message>Variable &amp;apos;SiteUrl&amp;apos; is set to https://kula-9ad00.firebaseapp.com/</message>
  <nestedLevel>1</nestedLevel>
</record>
<record>
  <date>2018-10-21T02:26:44</date>
  <millis>1540069004975</millis>
  <sequence>8</sequence>
  <level>INFO</level>
  <class>com.kms.katalon.core.logging.KeywordLogger</class>
  <method>logMessage</method>
  <thread>1</thread>
  <message>Variable &amp;apos;UserName&amp;apos; is set to kula4@kula.ai</message>
  <nestedLevel>1</nestedLevel>
</record>
<record>
  <date>2018-10-21T02:26:44</date>
  <millis>1540069004976</millis>
  <sequence>9</sequence>
  <level>INFO</level>
  <class>com.kms.katalon.core.logging.KeywordLogger</class>
  <method>logMessage</method>
  <thread>1</thread>
  <message>Variable &amp;apos;Password&amp;apos; is set to kulaai</message>
  <nestedLevel>1</nestedLevel>
</record>
<record>
  <date>2018-10-21T02:26:45</date>
  <millis>1540069005492</millis>
  <sequence>10</sequence>
  <level>START</level>
  <class>com.kms.katalon.core.logging.KeywordLogger</class>
  <method>startKeyword</method>
  <thread>1</thread>
  <message>Start action : openBrowser</message>
  <nestedLevel>1</nestedLevel>
  <property name="startLine">17</property>
  <property name="stepIndex">1</property>
</record>
<record>
  <date>2018-10-21T02:26:45</date>
  <millis>1540069005893</millis>
  <sequence>11</sequence>
  <level>INFO</level>
  <class>com.kms.katalon.core.logging.KeywordLogger</class>
  <method>logMessage</method>
  <thread>1</thread>
  <message>Opening browser</message>
  <nestedLevel>1</nestedLevel>
</record>
<record>
  <date>2018-10-21T02:26:45</date>
  <millis>1540069005911</millis>
  <sequence>12</sequence>
  <level>INFO</level>
  <class>com.kms.katalon.core.logging.KeywordLogger</class>
  <method>logMessage</method>
  <thread>1</thread>
  <message>Starting &amp;apos;Chrome&amp;apos; driver</message>
  <nestedLevel>1</nestedLevel>
</record>
<record>
  <date>2018-10-21T02:26:45</date>
  <millis>1540069005943</millis>
  <sequence>13</sequence>
  <level>INFO</level>
  <class>com.kms.katalon.core.logging.KeywordLogger</class>
  <method>logMessage</method>
  <thread>1</thread>
  <message>Action delay is set to 0 seconds</message>
  <nestedLevel>1</nestedLevel>
</record>
<record>
  <date>2018-10-21T02:26:55</date>
  <millis>1540069015900</millis>
  <sequence>15</sequence>
  <level>RUN_DATA</level>
  <class>com.kms.katalon.core.logging.KeywordLogger</class>
  <method>logMessage</method>
  <thread>1</thread>
  <message>Logging run data &amp;apos;sessionId&amp;apos; with value &amp;apos;111c180f3339acfb3c954567f30578a3&amp;apos;</message>
  <nestedLevel>1</nestedLevel>
  <property name="sessionId">111c180f3339acfb3c954567f30578a3</property>
</record>
<record>
  <date>2018-10-21T02:26:55</date>
  <millis>1540069015922</millis>
  <sequence>16</sequence>
  <level>RUN_DATA</level>
  <class>com.kms.katalon.core.logging.KeywordLogger</class>
  <method>logMessage</method>
  <thread>1</thread>
  <message>Logging run data &amp;apos;browser&amp;apos; with value &amp;apos;Chrome 69.0.3497.100&amp;apos;</message>
  <nestedLevel>1</nestedLevel>
  <property name="browser">Chrome 69.0.3497.100</property>
</record>
<record>
  <date>2018-10-21T02:26:55</date>
  <millis>1540069015923</millis>
  <sequence>17</sequence>
  <level>RUN_DATA</level>
  <class>com.kms.katalon.core.logging.KeywordLogger</class>
  <method>logMessage</method>
  <thread>1</thread>
  <message>Logging run data &amp;apos;platform&amp;apos; with value &amp;apos;Windows 8.1&amp;apos;</message>
  <nestedLevel>1</nestedLevel>
  <property name="platform">Windows 8.1</property>
</record>
<record>
  <date>2018-10-21T02:26:55</date>
  <millis>1540069015927</millis>
  <sequence>18</sequence>
  <level>RUN_DATA</level>
  <class>com.kms.katalon.core.logging.KeywordLogger</class>
  <method>logMessage</method>
  <thread>1</thread>
  <message>Logging run data &amp;apos;seleniumVersion&amp;apos; with value &amp;apos;3.7.1&amp;apos;</message>
  <nestedLevel>1</nestedLevel>
  <property name="seleniumVersion">3.7.1</property>
</record>
<record>
  <date>2018-10-21T02:26:55</date>
  <millis>1540069015929</millis>
  <sequence>19</sequence>
  <level>RUN_DATA</level>
  <class>com.kms.katalon.core.logging.KeywordLogger</class>
  <method>logMessage</method>
  <thread>1</thread>
  <message>Logging run data &amp;apos;proxyInformation&amp;apos; with value &amp;apos;ProxyInformation{proxyOption=NO_PROXY, proxyServerType=HTTP, password=, proxyServerAddress=, proxyServerPort=0}&amp;apos;</message>
  <nestedLevel>1</nestedLevel>
  <property name="proxyInformation">ProxyInformation{proxyOption=NO_PROXY, proxyServerType=HTTP, password=, proxyServerAddress=, proxyServerPort=0}</property>
</record>
<record>
  <date>2018-10-21T02:26:55</date>
  <millis>1540069015931</millis>
  <sequence>20</sequence>
  <level>PASSED</level>
  <class>com.kms.katalon.core.logging.KeywordLogger</class>
  <method>logMessage</method>
  <thread>1</thread>
  <message>Browser is opened with url: &amp;apos;&amp;apos;</message>
  <nestedLevel>1</nestedLevel>
</record>
<record>
  <date>2018-10-21T02:26:55</date>
  <millis>1540069015932</millis>
  <sequence>21</sequence>
  <level>END</level>
  <class>com.kms.katalon.core.logging.KeywordLogger</class>
  <method>endKeyword</method>
  <thread>1</thread>
  <message>End action : openBrowser</message>
  <nestedLevel>1</nestedLevel>
</record>
<record>
  <date>2018-10-21T02:26:55</date>
  <millis>1540069015932</millis>
  <sequence>22</sequence>
  <level>START</level>
  <class>com.kms.katalon.core.logging.KeywordLogger</class>
  <method>startKeyword</method>
  <thread>1</thread>
  <message>Start action : navigateToUrl</message>
  <nestedLevel>1</nestedLevel>
  <property name="startLine">19</property>
  <property name="stepIndex">2</property>
</record>
<record>
  <date>2018-10-21T02:26:55</date>
  <millis>1540069015974</millis>
  <sequence>23</sequence>
  <level>INFO</level>
  <class>com.kms.katalon.core.logging.KeywordLogger</class>
  <method>logMessage</method>
  <thread>1</thread>
  <message>Checking url</message>
  <nestedLevel>1</nestedLevel>
</record>
<record>
  <date>2018-10-21T02:26:55</date>
  <millis>1540069015977</millis>
  <sequence>24</sequence>
  <level>INFO</level>
  <class>com.kms.katalon.core.logging.KeywordLogger</class>
  <method>logMessage</method>
  <thread>1</thread>
  <message>Navigating to &amp;apos;https://kula-9ad00.firebaseapp.com/&amp;apos;</message>
  <nestedLevel>1</nestedLevel>
</record>
<record>
  <date>2018-10-21T02:27:02</date>
  <millis>1540069022537</millis>
  <sequence>25</sequence>
  <level>PASSED</level>
  <class>com.kms.katalon.core.logging.KeywordLogger</class>
  <method>logMessage</method>
  <thread>1</thread>
  <message>Navigate to &amp;apos;https://kula-9ad00.firebaseapp.com/&amp;apos; successfully</message>
  <nestedLevel>1</nestedLevel>
</record>
<record>
  <date>2018-10-21T02:27:02</date>
  <millis>1540069022538</millis>
  <sequence>26</sequence>
  <level>END</level>
  <class>com.kms.katalon.core.logging.KeywordLogger</class>
  <method>endKeyword</method>
  <thread>1</thread>
  <message>End action : navigateToUrl</message>
  <nestedLevel>1</nestedLevel>
</record>
<record>
  <date>2018-10-21T02:27:02</date>
  <millis>1540069022540</millis>
  <sequence>27</sequence>
  <level>START</level>
  <class>com.kms.katalon.core.logging.KeywordLogger</class>
  <method>startKeyword</method>
  <thread>1</thread>
  <message>Start action : setText</message>
  <nestedLevel>1</nestedLevel>
  <property name="startLine">21</property>
  <property name="stepIndex">3</property>
</record>
<record>
  <date>2018-10-21T02:27:02</date>
  <millis>1540069022551</millis>
  <sequence>28</sequence>
  <level>INFO</level>
  <class>com.kms.katalon.core.logging.KeywordLogger</class>
  <method>logMessage</method>
  <thread>1</thread>
  <message>Finding Test Object with id &amp;apos;Object Repository/Login/input_Login_exampleInputEmail1&amp;apos;</message>
  <nestedLevel>1</nestedLevel>
</record>
<record>
  <date>2018-10-21T02:27:02</date>
  <millis>1540069022616</millis>
  <sequence>29</sequence>
  <level>INFO</level>
  <class>com.kms.katalon.core.logging.KeywordLogger</class>
  <method>logMessage</method>
  <thread>1</thread>
  <message>Checking object</message>
  <nestedLevel>1</nestedLevel>
</record>
<record>
  <date>2018-10-21T02:27:02</date>
  <millis>1540069022619</millis>
  <sequence>30</sequence>
  <level>INFO</level>
  <class>com.kms.katalon.core.logging.KeywordLogger</class>
  <method>logMessage</method>
  <thread>1</thread>
  <message>Checking text</message>
  <nestedLevel>1</nestedLevel>
</record>
<record>
  <date>2018-10-21T02:27:02</date>
  <millis>1540069022621</millis>
  <sequence>31</sequence>
  <level>INFO</level>
  <class>com.kms.katalon.core.logging.KeywordLogger</class>
  <method>logMessage</method>
  <thread>1</thread>
  <message>Checking timeout</message>
  <nestedLevel>1</nestedLevel>
</record>
<record>
  <date>2018-10-21T02:27:02</date>
  <millis>1540069022633</millis>
  <sequence>32</sequence>
  <level>INFO</level>
  <class>com.kms.katalon.core.logging.KeywordLogger</class>
  <method>logMessage</method>
  <thread>1</thread>
  <message>Finding web element with id: &amp;apos;Object Repository/Login/input_Login_exampleInputEmail1&amp;apos; located by &amp;apos;By.xpath: //input[@id=&amp;apos;exampleInputEmail1&amp;apos;]&amp;apos; in &amp;apos;30&amp;apos; second(s)</message>
  <nestedLevel>1</nestedLevel>
</record>
<record>
  <date>2018-10-21T02:27:02</date>
  <millis>1540069022688</millis>
  <sequence>33</sequence>
  <level>INFO</level>
  <class>com.kms.katalon.core.logging.KeywordLogger</class>
  <method>logMessage</method>
  <thread>1</thread>
  <message>Found 1 web elements with id: &amp;apos;Object Repository/Login/input_Login_exampleInputEmail1&amp;apos; located by &amp;apos;By.xpath: //input[@id=&amp;apos;exampleInputEmail1&amp;apos;]&amp;apos; in &amp;apos;30&amp;apos; second(s)</message>
  <nestedLevel>1</nestedLevel>
</record>
<record>
  <date>2018-10-21T02:27:02</date>
  <millis>1540069022690</millis>
  <sequence>34</sequence>
  <level>INFO</level>
  <class>com.kms.katalon.core.logging.KeywordLogger</class>
  <method>logMessage</method>
  <thread>1</thread>
  <message>Clearing text of object &amp;apos;Object Repository/Login/input_Login_exampleInputEmail1&amp;apos;</message>
  <nestedLevel>1</nestedLevel>
</record>
<record>
  <date>2018-10-21T02:27:02</date>
  <millis>1540069022739</millis>
  <sequence>35</sequence>
  <level>INFO</level>
  <class>com.kms.katalon.core.logging.KeywordLogger</class>
  <method>logMessage</method>
  <thread>1</thread>
  <message>Checking timeout</message>
  <nestedLevel>1</nestedLevel>
</record>
<record>
  <date>2018-10-21T02:27:02</date>
  <millis>1540069022741</millis>
  <sequence>36</sequence>
  <level>INFO</level>
  <class>com.kms.katalon.core.logging.KeywordLogger</class>
  <method>logMessage</method>
  <thread>1</thread>
  <message>Finding web element with id: &amp;apos;Object Repository/Login/input_Login_exampleInputEmail1&amp;apos; located by &amp;apos;By.xpath: //input[@id=&amp;apos;exampleInputEmail1&amp;apos;]&amp;apos; in &amp;apos;30&amp;apos; second(s)</message>
  <nestedLevel>1</nestedLevel>
</record>
<record>
  <date>2018-10-21T02:27:02</date>
  <millis>1540069022768</millis>
  <sequence>37</sequence>
  <level>INFO</level>
  <class>com.kms.katalon.core.logging.KeywordLogger</class>
  <method>logMessage</method>
  <thread>1</thread>
  <message>Found 1 web elements with id: &amp;apos;Object Repository/Login/input_Login_exampleInputEmail1&amp;apos; located by &amp;apos;By.xpath: //input[@id=&amp;apos;exampleInputEmail1&amp;apos;]&amp;apos; in &amp;apos;30&amp;apos; second(s)</message>
  <nestedLevel>1</nestedLevel>
</record>
<record>
  <date>2018-10-21T02:27:02</date>
  <millis>1540069022815</millis>
  <sequence>38</sequence>
  <level>INFO</level>
  <class>com.kms.katalon.core.logging.KeywordLogger</class>
  <method>logMessage</method>
  <thread>1</thread>
  <message>Setting text of object &amp;apos;Object Repository/Login/input_Login_exampleInputEmail1&amp;apos; to value &amp;apos;kula4@kula.ai&amp;apos;</message>
  <nestedLevel>1</nestedLevel>
</record>
<record>
  <date>2018-10-21T02:27:02</date>
  <millis>1540069022936</millis>
  <sequence>39</sequence>
  <level>PASSED</level>
  <class>com.kms.katalon.core.logging.KeywordLogger</class>
  <method>logMessage</method>
  <thread>1</thread>
  <message>Text &amp;apos;kula4@kula.ai&amp;apos; is set on object &amp;apos;Object Repository/Login/input_Login_exampleInputEmail1&amp;apos;</message>
  <nestedLevel>1</nestedLevel>
</record>
<record>
  <date>2018-10-21T02:27:02</date>
  <millis>1540069022937</millis>
  <sequence>40</sequence>
  <level>END</level>
  <class>com.kms.katalon.core.logging.KeywordLogger</class>
  <method>endKeyword</method>
  <thread>1</thread>
  <message>End action : setText</message>
  <nestedLevel>1</nestedLevel>
</record>
<record>
  <date>2018-10-21T02:27:02</date>
  <millis>1540069022937</millis>
  <sequence>41</sequence>
  <level>START</level>
  <class>com.kms.katalon.core.logging.KeywordLogger</class>
  <method>startKeyword</method>
  <thread>1</thread>
  <message>Start action : setText</message>
  <nestedLevel>1</nestedLevel>
  <property name="startLine">23</property>
  <property name="stepIndex">4</property>
</record>
<record>
  <date>2018-10-21T02:27:02</date>
  <millis>1540069022938</millis>
  <sequence>42</sequence>
  <level>INFO</level>
  <class>com.kms.katalon.core.logging.KeywordLogger</class>
  <method>logMessage</method>
  <thread>1</thread>
  <message>Finding Test Object with id &amp;apos;Object Repository/Login/input_Login_exampleInputPasswo&amp;apos;</message>
  <nestedLevel>1</nestedLevel>
</record>
<record>
  <date>2018-10-21T02:27:02</date>
  <millis>1540069022972</millis>
  <sequence>43</sequence>
  <level>INFO</level>
  <class>com.kms.katalon.core.logging.KeywordLogger</class>
  <method>logMessage</method>
  <thread>1</thread>
  <message>Checking object</message>
  <nestedLevel>1</nestedLevel>
</record>
<record>
  <date>2018-10-21T02:27:02</date>
  <millis>1540069022973</millis>
  <sequence>44</sequence>
  <level>INFO</level>
  <class>com.kms.katalon.core.logging.KeywordLogger</class>
  <method>logMessage</method>
  <thread>1</thread>
  <message>Checking text</message>
  <nestedLevel>1</nestedLevel>
</record>
<record>
  <date>2018-10-21T02:27:02</date>
  <millis>1540069022974</millis>
  <sequence>45</sequence>
  <level>INFO</level>
  <class>com.kms.katalon.core.logging.KeywordLogger</class>
  <method>logMessage</method>
  <thread>1</thread>
  <message>Checking timeout</message>
  <nestedLevel>1</nestedLevel>
</record>
<record>
  <date>2018-10-21T02:27:02</date>
  <millis>1540069022974</millis>
  <sequence>46</sequence>
  <level>INFO</level>
  <class>com.kms.katalon.core.logging.KeywordLogger</class>
  <method>logMessage</method>
  <thread>1</thread>
  <message>Finding web element with id: &amp;apos;Object Repository/Login/input_Login_exampleInputPasswo&amp;apos; located by &amp;apos;By.xpath: //input[@id=&amp;apos;exampleInputPassword1&amp;apos;]&amp;apos; in &amp;apos;30&amp;apos; second(s)</message>
  <nestedLevel>1</nestedLevel>
</record>
<record>
  <date>2018-10-21T02:27:03</date>
  <millis>1540069023000</millis>
  <sequence>47</sequence>
  <level>INFO</level>
  <class>com.kms.katalon.core.logging.KeywordLogger</class>
  <method>logMessage</method>
  <thread>1</thread>
  <message>Found 1 web elements with id: &amp;apos;Object Repository/Login/input_Login_exampleInputPasswo&amp;apos; located by &amp;apos;By.xpath: //input[@id=&amp;apos;exampleInputPassword1&amp;apos;]&amp;apos; in &amp;apos;30&amp;apos; second(s)</message>
  <nestedLevel>1</nestedLevel>
</record>
<record>
  <date>2018-10-21T02:27:03</date>
  <millis>1540069023001</millis>
  <sequence>48</sequence>
  <level>INFO</level>
  <class>com.kms.katalon.core.logging.KeywordLogger</class>
  <method>logMessage</method>
  <thread>1</thread>
  <message>Clearing text of object &amp;apos;Object Repository/Login/input_Login_exampleInputPasswo&amp;apos;</message>
  <nestedLevel>1</nestedLevel>
</record>
<record>
  <date>2018-10-21T02:27:03</date>
  <millis>1540069023036</millis>
  <sequence>49</sequence>
  <level>INFO</level>
  <class>com.kms.katalon.core.logging.KeywordLogger</class>
  <method>logMessage</method>
  <thread>1</thread>
  <message>Checking timeout</message>
  <nestedLevel>1</nestedLevel>
</record>
<record>
  <date>2018-10-21T02:27:03</date>
  <millis>1540069023036</millis>
  <sequence>50</sequence>
  <level>INFO</level>
  <class>com.kms.katalon.core.logging.KeywordLogger</class>
  <method>logMessage</method>
  <thread>1</thread>
  <message>Finding web element with id: &amp;apos;Object Repository/Login/input_Login_exampleInputPasswo&amp;apos; located by &amp;apos;By.xpath: //input[@id=&amp;apos;exampleInputPassword1&amp;apos;]&amp;apos; in &amp;apos;30&amp;apos; second(s)</message>
  <nestedLevel>1</nestedLevel>
</record>
<record>
  <date>2018-10-21T02:27:03</date>
  <millis>1540069023055</millis>
  <sequence>51</sequence>
  <level>INFO</level>
  <class>com.kms.katalon.core.logging.KeywordLogger</class>
  <method>logMessage</method>
  <thread>1</thread>
  <message>Found 1 web elements with id: &amp;apos;Object Repository/Login/input_Login_exampleInputPasswo&amp;apos; located by &amp;apos;By.xpath: //input[@id=&amp;apos;exampleInputPassword1&amp;apos;]&amp;apos; in &amp;apos;30&amp;apos; second(s)</message>
  <nestedLevel>1</nestedLevel>
</record>
<record>
  <date>2018-10-21T02:27:03</date>
  <millis>1540069023055</millis>
  <sequence>52</sequence>
  <level>INFO</level>
  <class>com.kms.katalon.core.logging.KeywordLogger</class>
  <method>logMessage</method>
  <thread>1</thread>
  <message>Setting text of object &amp;apos;Object Repository/Login/input_Login_exampleInputPasswo&amp;apos; to value &amp;apos;kulaai&amp;apos;</message>
  <nestedLevel>1</nestedLevel>
</record>
<record>
  <date>2018-10-21T02:27:03</date>
  <millis>1540069023253</millis>
  <sequence>53</sequence>
  <level>PASSED</level>
  <class>com.kms.katalon.core.logging.KeywordLogger</class>
  <method>logMessage</method>
  <thread>1</thread>
  <message>Text &amp;apos;kulaai&amp;apos; is set on object &amp;apos;Object Repository/Login/input_Login_exampleInputPasswo&amp;apos;</message>
  <nestedLevel>1</nestedLevel>
</record>
<record>
  <date>2018-10-21T02:27:03</date>
  <millis>1540069023254</millis>
  <sequence>54</sequence>
  <level>END</level>
  <class>com.kms.katalon.core.logging.KeywordLogger</class>
  <method>endKeyword</method>
  <thread>1</thread>
  <message>End action : setText</message>
  <nestedLevel>1</nestedLevel>
</record>
<record>
  <date>2018-10-21T02:27:03</date>
  <millis>1540069023255</millis>
  <sequence>55</sequence>
  <level>START</level>
  <class>com.kms.katalon.core.logging.KeywordLogger</class>
  <method>startKeyword</method>
  <thread>1</thread>
  <message>Start action : click</message>
  <nestedLevel>1</nestedLevel>
  <property name="startLine">25</property>
  <property name="stepIndex">5</property>
</record>
<record>
  <date>2018-10-21T02:27:03</date>
  <millis>1540069023256</millis>
  <sequence>56</sequence>
  <level>INFO</level>
  <class>com.kms.katalon.core.logging.KeywordLogger</class>
  <method>logMessage</method>
  <thread>1</thread>
  <message>Finding Test Object with id &amp;apos;Object Repository/Login/button_Login&amp;apos;</message>
  <nestedLevel>1</nestedLevel>
</record>
<record>
  <date>2018-10-21T02:27:03</date>
  <millis>1540069023308</millis>
  <sequence>57</sequence>
  <level>INFO</level>
  <class>com.kms.katalon.core.logging.KeywordLogger</class>
  <method>logMessage</method>
  <thread>1</thread>
  <message>Checking object</message>
  <nestedLevel>1</nestedLevel>
</record>
<record>
  <date>2018-10-21T02:27:03</date>
  <millis>1540069023309</millis>
  <sequence>58</sequence>
  <level>INFO</level>
  <class>com.kms.katalon.core.logging.KeywordLogger</class>
  <method>logMessage</method>
  <thread>1</thread>
  <message>Checking timeout</message>
  <nestedLevel>1</nestedLevel>
</record>
<record>
  <date>2018-10-21T02:27:03</date>
  <millis>1540069023310</millis>
  <sequence>59</sequence>
  <level>INFO</level>
  <class>com.kms.katalon.core.logging.KeywordLogger</class>
  <method>logMessage</method>
  <thread>1</thread>
  <message>Finding web element with id: &amp;apos;Object Repository/Login/button_Login&amp;apos; located by &amp;apos;By.xpath: //button[@type=&amp;apos;submit&amp;apos;]&amp;apos; in &amp;apos;30&amp;apos; second(s)</message>
  <nestedLevel>1</nestedLevel>
</record>
<record>
  <date>2018-10-21T02:27:03</date>
  <millis>1540069023335</millis>
  <sequence>60</sequence>
  <level>INFO</level>
  <class>com.kms.katalon.core.logging.KeywordLogger</class>
  <method>logMessage</method>
  <thread>1</thread>
  <message>Found 1 web elements with id: &amp;apos;Object Repository/Login/button_Login&amp;apos; located by &amp;apos;By.xpath: //button[@type=&amp;apos;submit&amp;apos;]&amp;apos; in &amp;apos;30&amp;apos; second(s)</message>
  <nestedLevel>1</nestedLevel>
</record>
<record>
  <date>2018-10-21T02:27:03</date>
  <millis>1540069023335</millis>
  <sequence>61</sequence>
  <level>INFO</level>
  <class>com.kms.katalon.core.logging.KeywordLogger</class>
  <method>logMessage</method>
  <thread>1</thread>
  <message>Clicking on object: &amp;apos;Object Repository/Login/button_Login&amp;apos;</message>
  <nestedLevel>1</nestedLevel>
</record>
<record>
  <date>2018-10-21T02:27:03</date>
  <millis>1540069023435</millis>
  <sequence>62</sequence>
  <level>PASSED</level>
  <class>com.kms.katalon.core.logging.KeywordLogger</class>
  <method>logMessage</method>
  <thread>1</thread>
  <message>Object: &amp;apos;Object Repository/Login/button_Login&amp;apos; is clicked on</message>
  <nestedLevel>1</nestedLevel>
</record>
<record>
  <date>2018-10-21T02:27:03</date>
  <millis>1540069023436</millis>
  <sequence>63</sequence>
  <level>END</level>
  <class>com.kms.katalon.core.logging.KeywordLogger</class>
  <method>endKeyword</method>
  <thread>1</thread>
  <message>End action : click</message>
  <nestedLevel>1</nestedLevel>
</record>
<record>
  <date>2018-10-21T02:27:03</date>
  <millis>1540069023436</millis>
  <sequence>64</sequence>
  <level>START</level>
  <class>com.kms.katalon.core.logging.KeywordLogger</class>
  <method>startKeyword</method>
  <thread>1</thread>
  <message>Start action : verifyElementVisible</message>
  <nestedLevel>1</nestedLevel>
  <property name="startLine">27</property>
  <property name="stepIndex">6</property>
</record>
<record>
  <date>2018-10-21T02:27:03</date>
  <millis>1540069023437</millis>
  <sequence>65</sequence>
  <level>INFO</level>
  <class>com.kms.katalon.core.logging.KeywordLogger</class>
  <method>logMessage</method>
  <thread>1</thread>
  <message>Finding Test Object with id &amp;apos;Object Repository/AddShop/ShopDetails&amp;apos;</message>
  <nestedLevel>1</nestedLevel>
</record>
<record>
  <date>2018-10-21T02:27:03</date>
  <millis>1540069023468</millis>
  <sequence>66</sequence>
  <level>INFO</level>
  <class>com.kms.katalon.core.logging.KeywordLogger</class>
  <method>logMessage</method>
  <thread>1</thread>
  <message>Checking object</message>
  <nestedLevel>1</nestedLevel>
</record>
<record>
  <date>2018-10-21T02:27:03</date>
  <millis>1540069023469</millis>
  <sequence>67</sequence>
  <level>INFO</level>
  <class>com.kms.katalon.core.logging.KeywordLogger</class>
  <method>logMessage</method>
  <thread>1</thread>
  <message>Checking timeout</message>
  <nestedLevel>1</nestedLevel>
</record>
<record>
  <date>2018-10-21T02:27:03</date>
  <millis>1540069023469</millis>
  <sequence>68</sequence>
  <level>INFO</level>
  <class>com.kms.katalon.core.logging.KeywordLogger</class>
  <method>logMessage</method>
  <thread>1</thread>
  <message>Finding web element with id: &amp;apos;Object Repository/AddShop/ShopDetails&amp;apos; located by &amp;apos;By.xpath: //span[@data-localize=\&amp;quot;sidebar.nav.SHOP\&amp;quot;]&amp;apos; in &amp;apos;30&amp;apos; second(s)</message>
  <nestedLevel>1</nestedLevel>
</record>
<record>
  <date>2018-10-21T02:27:11</date>
  <millis>1540069031756</millis>
  <sequence>69</sequence>
  <level>INFO</level>
  <class>com.kms.katalon.core.logging.KeywordLogger</class>
  <method>logMessage</method>
  <thread>1</thread>
  <message>Found 1 web elements with id: &amp;apos;Object Repository/AddShop/ShopDetails&amp;apos; located by &amp;apos;By.xpath: //span[@data-localize=\&amp;quot;sidebar.nav.SHOP\&amp;quot;]&amp;apos; in &amp;apos;30&amp;apos; second(s)</message>
  <nestedLevel>1</nestedLevel>
</record>
<record>
  <date>2018-10-21T02:27:11</date>
  <millis>1540069031789</millis>
  <sequence>70</sequence>
  <level>PASSED</level>
  <class>com.kms.katalon.core.logging.KeywordLogger</class>
  <method>logMessage</method>
  <thread>1</thread>
  <message>Object &amp;apos;Object Repository/AddShop/ShopDetails&amp;apos; is visible</message>
  <nestedLevel>1</nestedLevel>
</record>
<record>
  <date>2018-10-21T02:27:11</date>
  <millis>1540069031789</millis>
  <sequence>71</sequence>
  <level>END</level>
  <class>com.kms.katalon.core.logging.KeywordLogger</class>
  <method>endKeyword</method>
  <thread>1</thread>
  <message>End action : verifyElementVisible</message>
  <nestedLevel>1</nestedLevel>
</record>
<record>
  <date>2018-10-21T02:27:11</date>
  <millis>1540069031790</millis>
  <sequence>72</sequence>
  <level>START</level>
  <class>com.kms.katalon.core.logging.KeywordLogger</class>
  <method>startKeyword</method>
  <thread>1</thread>
  <message>Start action : closeBrowser</message>
  <nestedLevel>1</nestedLevel>
  <property name="startLine">30</property>
  <property name="stepIndex">7</property>
</record>
<record>
  <date>2018-10-21T02:27:11</date>
  <millis>1540069031806</millis>
  <sequence>73</sequence>
  <level>INFO</level>
  <class>com.kms.katalon.core.logging.KeywordLogger</class>
  <method>logMessage</method>
  <thread>1</thread>
  <message>Closing browser</message>
  <nestedLevel>1</nestedLevel>
</record>
<record>
  <date>2018-10-21T02:27:15</date>
  <millis>1540069035225</millis>
  <sequence>74</sequence>
  <level>PASSED</level>
  <class>com.kms.katalon.core.logging.KeywordLogger</class>
  <method>logMessage</method>
  <thread>1</thread>
  <message>Browser is closed</message>
  <nestedLevel>1</nestedLevel>
</record>
<record>
  <date>2018-10-21T02:27:15</date>
  <millis>1540069035226</millis>
  <sequence>75</sequence>
  <level>END</level>
  <class>com.kms.katalon.core.logging.KeywordLogger</class>
  <method>endKeyword</method>
  <thread>1</thread>
  <message>End action : closeBrowser</message>
  <nestedLevel>1</nestedLevel>
</record>
<record>
  <date>2018-10-21T02:27:15</date>
  <millis>1540069035227</millis>
  <sequence>76</sequence>
  <level>PASSED</level>
  <class>com.kms.katalon.core.logging.KeywordLogger</class>
  <method>logMessage</method>
  <thread>1</thread>
  <message>Test Cases/Login/Login</message>
  <nestedLevel>1</nestedLevel>
</record>
<record>
  <date>2018-10-21T02:27:15</date>
  <millis>1540069035230</millis>
  <sequence>77</sequence>
  <level>END</level>
  <class>com.kms.katalon.core.logging.KeywordLogger</class>
  <method>endTest</method>
  <thread>1</thread>
  <message>End Test Case : Test Cases/Login/Login</message>
  <nestedLevel>0</nestedLevel>
</record>
<record>
  <date>2018-10-21T02:27:15</date>
  <millis>1540069035244</millis>
  <sequence>78</sequence>
  <level>START</level>
  <class>com.kms.katalon.core.logging.KeywordLogger</class>
  <method>startTest</method>
  <thread>1</thread>
  <message>Start Test Case : Test Cases/Login/Login</message>
  <nestedLevel>1</nestedLevel>
  <property name="name">Test Cases/Login/Login</property>
  <property name="description"></property>
  <property name="id">Test Cases/Login/Login</property>
  <property name="source">E:\\Kula\\Project\\KulaProject\\New\\Kula\\Test Cases\\Login\\Login.tc</property>
  <property name="isOptional">false</property>
</record>
<record>
  <date>2018-10-21T02:27:15</date>
  <millis>1540069035293</millis>
  <sequence>79</sequence>
  <level>INFO</level>
  <class>com.kms.katalon.core.logging.KeywordLogger</class>
  <method>logMessage</method>
  <thread>1</thread>
  <message>Evaluating variables for test case</message>
  <nestedLevel>1</nestedLevel>
</record>
<record>
  <date>2018-10-21T02:27:15</date>
  <millis>1540069035294</millis>
  <sequence>80</sequence>
  <level>INFO</level>
  <class>com.kms.katalon.core.logging.KeywordLogger</class>
  <method>logMessage</method>
  <thread>1</thread>
  <message>Variable &amp;apos;SiteUrl&amp;apos; is set to https://kula-9ad00.firebaseapp.com/</message>
  <nestedLevel>1</nestedLevel>
</record>
<record>
  <date>2018-10-21T02:27:15</date>
  <millis>1540069035296</millis>
  <sequence>81</sequence>
  <level>INFO</level>
  <class>com.kms.katalon.core.logging.KeywordLogger</class>
  <method>logMessage</method>
  <thread>1</thread>
  <message>Variable &amp;apos;UserName&amp;apos; is set to asdf</message>
  <nestedLevel>1</nestedLevel>
</record>
<record>
  <date>2018-10-21T02:27:15</date>
  <millis>1540069035298</millis>
  <sequence>82</sequence>
  <level>INFO</level>
  <class>com.kms.katalon.core.logging.KeywordLogger</class>
  <method>logMessage</method>
  <thread>1</thread>
  <message>Variable &amp;apos;Password&amp;apos; is set to asdf</message>
  <nestedLevel>1</nestedLevel>
</record>
<record>
  <date>2018-10-21T02:27:15</date>
  <millis>1540069035300</millis>
  <sequence>83</sequence>
  <level>START</level>
  <class>com.kms.katalon.core.logging.KeywordLogger</class>
  <method>startKeyword</method>
  <thread>1</thread>
  <message>Start action : openBrowser</message>
  <nestedLevel>1</nestedLevel>
  <property name="startLine">17</property>
  <property name="stepIndex">1</property>
</record>
<record>
  <date>2018-10-21T02:27:15</date>
  <millis>1540069035306</millis>
  <sequence>84</sequence>
  <level>INFO</level>
  <class>com.kms.katalon.core.logging.KeywordLogger</class>
  <method>logMessage</method>
  <thread>1</thread>
  <message>Opening browser</message>
  <nestedLevel>1</nestedLevel>
</record>
<record>
  <date>2018-10-21T02:27:15</date>
  <millis>1540069035309</millis>
  <sequence>85</sequence>
  <level>INFO</level>
  <class>com.kms.katalon.core.logging.KeywordLogger</class>
  <method>logMessage</method>
  <thread>1</thread>
  <message>Starting &amp;apos;Chrome&amp;apos; driver</message>
  <nestedLevel>1</nestedLevel>
</record>
<record>
  <date>2018-10-21T02:27:18</date>
  <millis>1540069038584</millis>
  <sequence>87</sequence>
  <level>RUN_DATA</level>
  <class>com.kms.katalon.core.logging.KeywordLogger</class>
  <method>logMessage</method>
  <thread>1</thread>
  <message>Logging run data &amp;apos;sessionId&amp;apos; with value &amp;apos;fc21e1090e37f79c948f6774629e103a&amp;apos;</message>
  <nestedLevel>1</nestedLevel>
  <property name="sessionId">fc21e1090e37f79c948f6774629e103a</property>
</record>
<record>
  <date>2018-10-21T02:27:18</date>
  <millis>1540069038599</millis>
  <sequence>88</sequence>
  <level>RUN_DATA</level>
  <class>com.kms.katalon.core.logging.KeywordLogger</class>
  <method>logMessage</method>
  <thread>1</thread>
  <message>Logging run data &amp;apos;browser&amp;apos; with value &amp;apos;Chrome 69.0.3497.100&amp;apos;</message>
  <nestedLevel>1</nestedLevel>
  <property name="browser">Chrome 69.0.3497.100</property>
</record>
<record>
  <date>2018-10-21T02:27:18</date>
  <millis>1540069038599</millis>
  <sequence>89</sequence>
  <level>RUN_DATA</level>
  <class>com.kms.katalon.core.logging.KeywordLogger</class>
  <method>logMessage</method>
  <thread>1</thread>
  <message>Logging run data &amp;apos;platform&amp;apos; with value &amp;apos;Windows 8.1&amp;apos;</message>
  <nestedLevel>1</nestedLevel>
  <property name="platform">Windows 8.1</property>
</record>
<record>
  <date>2018-10-21T02:27:18</date>
  <millis>1540069038600</millis>
  <sequence>90</sequence>
  <level>RUN_DATA</level>
  <class>com.kms.katalon.core.logging.KeywordLogger</class>
  <method>logMessage</method>
  <thread>1</thread>
  <message>Logging run data &amp;apos;seleniumVersion&amp;apos; with value &amp;apos;3.7.1&amp;apos;</message>
  <nestedLevel>1</nestedLevel>
  <property name="seleniumVersion">3.7.1</property>
</record>
<record>
  <date>2018-10-21T02:27:18</date>
  <millis>1540069038601</millis>
  <sequence>91</sequence>
  <level>RUN_DATA</level>
  <class>com.kms.katalon.core.logging.KeywordLogger</class>
  <method>logMessage</method>
  <thread>1</thread>
  <message>Logging run data &amp;apos;proxyInformation&amp;apos; with value &amp;apos;ProxyInformation{proxyOption=NO_PROXY, proxyServerType=HTTP, password=, proxyServerAddress=, proxyServerPort=0}&amp;apos;</message>
  <nestedLevel>1</nestedLevel>
  <property name="proxyInformation">ProxyInformation{proxyOption=NO_PROXY, proxyServerType=HTTP, password=, proxyServerAddress=, proxyServerPort=0}</property>
</record>
<record>
  <date>2018-10-21T02:27:18</date>
  <millis>1540069038602</millis>
  <sequence>92</sequence>
  <level>PASSED</level>
  <class>com.kms.katalon.core.logging.KeywordLogger</class>
  <method>logMessage</method>
  <thread>1</thread>
  <message>Browser is opened with url: &amp;apos;&amp;apos;</message>
  <nestedLevel>1</nestedLevel>
</record>
<record>
  <date>2018-10-21T02:27:18</date>
  <millis>1540069038603</millis>
  <sequence>93</sequence>
  <level>END</level>
  <class>com.kms.katalon.core.logging.KeywordLogger</class>
  <method>endKeyword</method>
  <thread>1</thread>
  <message>End action : openBrowser</message>
  <nestedLevel>1</nestedLevel>
</record>
<record>
  <date>2018-10-21T02:27:18</date>
  <millis>1540069038604</millis>
  <sequence>94</sequence>
  <level>START</level>
  <class>com.kms.katalon.core.logging.KeywordLogger</class>
  <method>startKeyword</method>
  <thread>1</thread>
  <message>Start action : navigateToUrl</message>
  <nestedLevel>1</nestedLevel>
  <property name="startLine">19</property>
  <property name="stepIndex">2</property>
</record>
<record>
  <date>2018-10-21T02:27:18</date>
  <millis>1540069038605</millis>
  <sequence>95</sequence>
  <level>INFO</level>
  <class>com.kms.katalon.core.logging.KeywordLogger</class>
  <method>logMessage</method>
  <thread>1</thread>
  <message>Checking url</message>
  <nestedLevel>1</nestedLevel>
</record>
<record>
  <date>2018-10-21T02:27:18</date>
  <millis>1540069038605</millis>
  <sequence>96</sequence>
  <level>INFO</level>
  <class>com.kms.katalon.core.logging.KeywordLogger</class>
  <method>logMessage</method>
  <thread>1</thread>
  <message>Navigating to &amp;apos;https://kula-9ad00.firebaseapp.com/&amp;apos;</message>
  <nestedLevel>1</nestedLevel>
</record>
<record>
  <date>2018-10-21T02:27:29</date>
  <millis>1540069049715</millis>
  <sequence>97</sequence>
  <level>PASSED</level>
  <class>com.kms.katalon.core.logging.KeywordLogger</class>
  <method>logMessage</method>
  <thread>1</thread>
  <message>Navigate to &amp;apos;https://kula-9ad00.firebaseapp.com/&amp;apos; successfully</message>
  <nestedLevel>1</nestedLevel>
</record>
<record>
  <date>2018-10-21T02:27:29</date>
  <millis>1540069049716</millis>
  <sequence>98</sequence>
  <level>END</level>
  <class>com.kms.katalon.core.logging.KeywordLogger</class>
  <method>endKeyword</method>
  <thread>1</thread>
  <message>End action : navigateToUrl</message>
  <nestedLevel>1</nestedLevel>
</record>
<record>
  <date>2018-10-21T02:27:29</date>
  <millis>1540069049717</millis>
  <sequence>99</sequence>
  <level>START</level>
  <class>com.kms.katalon.core.logging.KeywordLogger</class>
  <method>startKeyword</method>
  <thread>1</thread>
  <message>Start action : setText</message>
  <nestedLevel>1</nestedLevel>
  <property name="startLine">21</property>
  <property name="stepIndex">3</property>
</record>
<record>
  <date>2018-10-21T02:27:29</date>
  <millis>1540069049718</millis>
  <sequence>100</sequence>
  <level>INFO</level>
  <class>com.kms.katalon.core.logging.KeywordLogger</class>
  <method>logMessage</method>
  <thread>1</thread>
  <message>Finding Test Object with id &amp;apos;Object Repository/Login/input_Login_exampleInputEmail1&amp;apos;</message>
  <nestedLevel>1</nestedLevel>
</record>
<record>
  <date>2018-10-21T02:27:29</date>
  <millis>1540069049756</millis>
  <sequence>101</sequence>
  <level>INFO</level>
  <class>com.kms.katalon.core.logging.KeywordLogger</class>
  <method>logMessage</method>
  <thread>1</thread>
  <message>Checking object</message>
  <nestedLevel>1</nestedLevel>
</record>
<record>
  <date>2018-10-21T02:27:29</date>
  <millis>1540069049757</millis>
  <sequence>102</sequence>
  <level>INFO</level>
  <class>com.kms.katalon.core.logging.KeywordLogger</class>
  <method>logMessage</method>
  <thread>1</thread>
  <message>Checking text</message>
  <nestedLevel>1</nestedLevel>
</record>
<record>
  <date>2018-10-21T02:27:29</date>
  <millis>1540069049757</millis>
  <sequence>103</sequence>
  <level>INFO</level>
  <class>com.kms.katalon.core.logging.KeywordLogger</class>
  <method>logMessage</method>
  <thread>1</thread>
  <message>Checking timeout</message>
  <nestedLevel>1</nestedLevel>
</record>
<record>
  <date>2018-10-21T02:27:29</date>
  <millis>1540069049758</millis>
  <sequence>104</sequence>
  <level>INFO</level>
  <class>com.kms.katalon.core.logging.KeywordLogger</class>
  <method>logMessage</method>
  <thread>1</thread>
  <message>Finding web element with id: &amp;apos;Object Repository/Login/input_Login_exampleInputEmail1&amp;apos; located by &amp;apos;By.xpath: //input[@id=&amp;apos;exampleInputEmail1&amp;apos;]&amp;apos; in &amp;apos;30&amp;apos; second(s)</message>
  <nestedLevel>1</nestedLevel>
</record>
<record>
  <date>2018-10-21T02:27:29</date>
  <millis>1540069049806</millis>
  <sequence>105</sequence>
  <level>INFO</level>
  <class>com.kms.katalon.core.logging.KeywordLogger</class>
  <method>logMessage</method>
  <thread>1</thread>
  <message>Found 1 web elements with id: &amp;apos;Object Repository/Login/input_Login_exampleInputEmail1&amp;apos; located by &amp;apos;By.xpath: //input[@id=&amp;apos;exampleInputEmail1&amp;apos;]&amp;apos; in &amp;apos;30&amp;apos; second(s)</message>
  <nestedLevel>1</nestedLevel>
</record>
<record>
  <date>2018-10-21T02:27:29</date>
  <millis>1540069049807</millis>
  <sequence>106</sequence>
  <level>INFO</level>
  <class>com.kms.katalon.core.logging.KeywordLogger</class>
  <method>logMessage</method>
  <thread>1</thread>
  <message>Clearing text of object &amp;apos;Object Repository/Login/input_Login_exampleInputEmail1&amp;apos;</message>
  <nestedLevel>1</nestedLevel>
</record>
<record>
  <date>2018-10-21T02:27:29</date>
  <millis>1540069049848</millis>
  <sequence>107</sequence>
  <level>INFO</level>
  <class>com.kms.katalon.core.logging.KeywordLogger</class>
  <method>logMessage</method>
  <thread>1</thread>
  <message>Checking timeout</message>
  <nestedLevel>1</nestedLevel>
</record>
<record>
  <date>2018-10-21T02:27:29</date>
  <millis>1540069049849</millis>
  <sequence>108</sequence>
  <level>INFO</level>
  <class>com.kms.katalon.core.logging.KeywordLogger</class>
  <method>logMessage</method>
  <thread>1</thread>
  <message>Finding web element with id: &amp;apos;Object Repository/Login/input_Login_exampleInputEmail1&amp;apos; located by &amp;apos;By.xpath: //input[@id=&amp;apos;exampleInputEmail1&amp;apos;]&amp;apos; in &amp;apos;30&amp;apos; second(s)</message>
  <nestedLevel>1</nestedLevel>
</record>
<record>
  <date>2018-10-21T02:27:29</date>
  <millis>1540069049871</millis>
  <sequence>109</sequence>
  <level>INFO</level>
  <class>com.kms.katalon.core.logging.KeywordLogger</class>
  <method>logMessage</method>
  <thread>1</thread>
  <message>Found 1 web elements with id: &amp;apos;Object Repository/Login/input_Login_exampleInputEmail1&amp;apos; located by &amp;apos;By.xpath: //input[@id=&amp;apos;exampleInputEmail1&amp;apos;]&amp;apos; in &amp;apos;30&amp;apos; second(s)</message>
  <nestedLevel>1</nestedLevel>
</record>
<record>
  <date>2018-10-21T02:27:29</date>
  <millis>1540069049872</millis>
  <sequence>110</sequence>
  <level>INFO</level>
  <class>com.kms.katalon.core.logging.KeywordLogger</class>
  <method>logMessage</method>
  <thread>1</thread>
  <message>Setting text of object &amp;apos;Object Repository/Login/input_Login_exampleInputEmail1&amp;apos; to value &amp;apos;asdf&amp;apos;</message>
  <nestedLevel>1</nestedLevel>
</record>
<record>
  <date>2018-10-21T02:27:29</date>
  <millis>1540069049966</millis>
  <sequence>111</sequence>
  <level>PASSED</level>
  <class>com.kms.katalon.core.logging.KeywordLogger</class>
  <method>logMessage</method>
  <thread>1</thread>
  <message>Text &amp;apos;asdf&amp;apos; is set on object &amp;apos;Object Repository/Login/input_Login_exampleInputEmail1&amp;apos;</message>
  <nestedLevel>1</nestedLevel>
</record>
<record>
  <date>2018-10-21T02:27:29</date>
  <millis>1540069049967</millis>
  <sequence>112</sequence>
  <level>END</level>
  <class>com.kms.katalon.core.logging.KeywordLogger</class>
  <method>endKeyword</method>
  <thread>1</thread>
  <message>End action : setText</message>
  <nestedLevel>1</nestedLevel>
</record>
<record>
  <date>2018-10-21T02:27:29</date>
  <millis>1540069049968</millis>
  <sequence>113</sequence>
  <level>START</level>
  <class>com.kms.katalon.core.logging.KeywordLogger</class>
  <method>startKeyword</method>
  <thread>1</thread>
  <message>Start action : setText</message>
  <nestedLevel>1</nestedLevel>
  <property name="startLine">23</property>
  <property name="stepIndex">4</property>
</record>
<record>
  <date>2018-10-21T02:27:29</date>
  <millis>1540069049969</millis>
  <sequence>114</sequence>
  <level>INFO</level>
  <class>com.kms.katalon.core.logging.KeywordLogger</class>
  <method>logMessage</method>
  <thread>1</thread>
  <message>Finding Test Object with id &amp;apos;Object Repository/Login/input_Login_exampleInputPasswo&amp;apos;</message>
  <nestedLevel>1</nestedLevel>
</record>
<record>
  <date>2018-10-21T02:27:30</date>
  <millis>1540069050104</millis>
  <sequence>115</sequence>
  <level>INFO</level>
  <class>com.kms.katalon.core.logging.KeywordLogger</class>
  <method>logMessage</method>
  <thread>1</thread>
  <message>Checking object</message>
  <nestedLevel>1</nestedLevel>
</record>
<record>
  <date>2018-10-21T02:27:30</date>
  <millis>1540069050104</millis>
  <sequence>116</sequence>
  <level>INFO</level>
  <class>com.kms.katalon.core.logging.KeywordLogger</class>
  <method>logMessage</method>
  <thread>1</thread>
  <message>Checking text</message>
  <nestedLevel>1</nestedLevel>
</record>
<record>
  <date>2018-10-21T02:27:30</date>
  <millis>1540069050104</millis>
  <sequence>117</sequence>
  <level>INFO</level>
  <class>com.kms.katalon.core.logging.KeywordLogger</class>
  <method>logMessage</method>
  <thread>1</thread>
  <message>Checking timeout</message>
  <nestedLevel>1</nestedLevel>
</record>
<record>
  <date>2018-10-21T02:27:30</date>
  <millis>1540069050105</millis>
  <sequence>118</sequence>
  <level>INFO</level>
  <class>com.kms.katalon.core.logging.KeywordLogger</class>
  <method>logMessage</method>
  <thread>1</thread>
  <message>Finding web element with id: &amp;apos;Object Repository/Login/input_Login_exampleInputPasswo&amp;apos; located by &amp;apos;By.xpath: //input[@id=&amp;apos;exampleInputPassword1&amp;apos;]&amp;apos; in &amp;apos;30&amp;apos; second(s)</message>
  <nestedLevel>1</nestedLevel>
</record>
<record>
  <date>2018-10-21T02:27:30</date>
  <millis>1540069050444</millis>
  <sequence>119</sequence>
  <level>INFO</level>
  <class>com.kms.katalon.core.logging.KeywordLogger</class>
  <method>logMessage</method>
  <thread>1</thread>
  <message>Found 1 web elements with id: &amp;apos;Object Repository/Login/input_Login_exampleInputPasswo&amp;apos; located by &amp;apos;By.xpath: //input[@id=&amp;apos;exampleInputPassword1&amp;apos;]&amp;apos; in &amp;apos;30&amp;apos; second(s)</message>
  <nestedLevel>1</nestedLevel>
</record>
<record>
  <date>2018-10-21T02:27:30</date>
  <millis>1540069050445</millis>
  <sequence>120</sequence>
  <level>INFO</level>
  <class>com.kms.katalon.core.logging.KeywordLogger</class>
  <method>logMessage</method>
  <thread>1</thread>
  <message>Clearing text of object &amp;apos;Object Repository/Login/input_Login_exampleInputPasswo&amp;apos;</message>
  <nestedLevel>1</nestedLevel>
</record>
<record>
  <date>2018-10-21T02:27:30</date>
  <millis>1540069050484</millis>
  <sequence>121</sequence>
  <level>INFO</level>
  <class>com.kms.katalon.core.logging.KeywordLogger</class>
  <method>logMessage</method>
  <thread>1</thread>
  <message>Checking timeout</message>
  <nestedLevel>1</nestedLevel>
</record>
<record>
  <date>2018-10-21T02:27:30</date>
  <millis>1540069050484</millis>
  <sequence>122</sequence>
  <level>INFO</level>
  <class>com.kms.katalon.core.logging.KeywordLogger</class>
  <method>logMessage</method>
  <thread>1</thread>
  <message>Finding web element with id: &amp;apos;Object Repository/Login/input_Login_exampleInputPasswo&amp;apos; located by &amp;apos;By.xpath: //input[@id=&amp;apos;exampleInputPassword1&amp;apos;]&amp;apos; in &amp;apos;30&amp;apos; second(s)</message>
  <nestedLevel>1</nestedLevel>
</record>
<record>
  <date>2018-10-21T02:27:30</date>
  <millis>1540069050503</millis>
  <sequence>123</sequence>
  <level>INFO</level>
  <class>com.kms.katalon.core.logging.KeywordLogger</class>
  <method>logMessage</method>
  <thread>1</thread>
  <message>Found 1 web elements with id: &amp;apos;Object Repository/Login/input_Login_exampleInputPasswo&amp;apos; located by &amp;apos;By.xpath: //input[@id=&amp;apos;exampleInputPassword1&amp;apos;]&amp;apos; in &amp;apos;30&amp;apos; second(s)</message>
  <nestedLevel>1</nestedLevel>
</record>
<record>
  <date>2018-10-21T02:27:30</date>
  <millis>1540069050504</millis>
  <sequence>124</sequence>
  <level>INFO</level>
  <class>com.kms.katalon.core.logging.KeywordLogger</class>
  <method>logMessage</method>
  <thread>1</thread>
  <message>Setting text of object &amp;apos;Object Repository/Login/input_Login_exampleInputPasswo&amp;apos; to value &amp;apos;asdf&amp;apos;</message>
  <nestedLevel>1</nestedLevel>
</record>
<record>
  <date>2018-10-21T02:27:30</date>
  <millis>1540069050598</millis>
  <sequence>125</sequence>
  <level>PASSED</level>
  <class>com.kms.katalon.core.logging.KeywordLogger</class>
  <method>logMessage</method>
  <thread>1</thread>
  <message>Text &amp;apos;asdf&amp;apos; is set on object &amp;apos;Object Repository/Login/input_Login_exampleInputPasswo&amp;apos;</message>
  <nestedLevel>1</nestedLevel>
</record>
<record>
  <date>2018-10-21T02:27:30</date>
  <millis>1540069050600</millis>
  <sequence>126</sequence>
  <level>END</level>
  <class>com.kms.katalon.core.logging.KeywordLogger</class>
  <method>endKeyword</method>
  <thread>1</thread>
  <message>End action : setText</message>
  <nestedLevel>1</nestedLevel>
</record>
<record>
  <date>2018-10-21T02:27:30</date>
  <millis>1540069050600</millis>
  <sequence>127</sequence>
  <level>START</level>
  <class>com.kms.katalon.core.logging.KeywordLogger</class>
  <method>startKeyword</method>
  <thread>1</thread>
  <message>Start action : click</message>
  <nestedLevel>1</nestedLevel>
  <property name="startLine">25</property>
  <property name="stepIndex">5</property>
</record>
<record>
  <date>2018-10-21T02:27:30</date>
  <millis>1540069050602</millis>
  <sequence>128</sequence>
  <level>INFO</level>
  <class>com.kms.katalon.core.logging.KeywordLogger</class>
  <method>logMessage</method>
  <thread>1</thread>
  <message>Finding Test Object with id &amp;apos;Object Repository/Login/button_Login&amp;apos;</message>
  <nestedLevel>1</nestedLevel>
</record>
<record>
  <date>2018-10-21T02:27:30</date>
  <millis>1540069050633</millis>
  <sequence>129</sequence>
  <level>INFO</level>
  <class>com.kms.katalon.core.logging.KeywordLogger</class>
  <method>logMessage</method>
  <thread>1</thread>
  <message>Checking object</message>
  <nestedLevel>1</nestedLevel>
</record>
<record>
  <date>2018-10-21T02:27:30</date>
  <millis>1540069050635</millis>
  <sequence>130</sequence>
  <level>INFO</level>
  <class>com.kms.katalon.core.logging.KeywordLogger</class>
  <method>logMessage</method>
  <thread>1</thread>
  <message>Checking timeout</message>
  <nestedLevel>1</nestedLevel>
</record>
<record>
  <date>2018-10-21T02:27:30</date>
  <millis>1540069050636</millis>
  <sequence>131</sequence>
  <level>INFO</level>
  <class>com.kms.katalon.core.logging.KeywordLogger</class>
  <method>logMessage</method>
  <thread>1</thread>
  <message>Finding web element with id: &amp;apos;Object Repository/Login/button_Login&amp;apos; located by &amp;apos;By.xpath: //button[@type=&amp;apos;submit&amp;apos;]&amp;apos; in &amp;apos;30&amp;apos; second(s)</message>
  <nestedLevel>1</nestedLevel>
</record>
<record>
  <date>2018-10-21T02:27:30</date>
  <millis>1540069050666</millis>
  <sequence>132</sequence>
  <level>INFO</level>
  <class>com.kms.katalon.core.logging.KeywordLogger</class>
  <method>logMessage</method>
  <thread>1</thread>
  <message>Found 1 web elements with id: &amp;apos;Object Repository/Login/button_Login&amp;apos; located by &amp;apos;By.xpath: //button[@type=&amp;apos;submit&amp;apos;]&amp;apos; in &amp;apos;30&amp;apos; second(s)</message>
  <nestedLevel>1</nestedLevel>
</record>
<record>
  <date>2018-10-21T02:27:30</date>
  <millis>1540069050668</millis>
  <sequence>133</sequence>
  <level>INFO</level>
  <class>com.kms.katalon.core.logging.KeywordLogger</class>
  <method>logMessage</method>
  <thread>1</thread>
  <message>Clicking on object: &amp;apos;Object Repository/Login/button_Login&amp;apos;</message>
  <nestedLevel>1</nestedLevel>
</record>
<record>
  <date>2018-10-21T02:27:30</date>
  <millis>1540069050800</millis>
  <sequence>134</sequence>
  <level>PASSED</level>
  <class>com.kms.katalon.core.logging.KeywordLogger</class>
  <method>logMessage</method>
  <thread>1</thread>
  <message>Object: &amp;apos;Object Repository/Login/button_Login&amp;apos; is clicked on</message>
  <nestedLevel>1</nestedLevel>
</record>
<record>
  <date>2018-10-21T02:27:30</date>
  <millis>1540069050801</millis>
  <sequence>135</sequence>
  <level>END</level>
  <class>com.kms.katalon.core.logging.KeywordLogger</class>
  <method>endKeyword</method>
  <thread>1</thread>
  <message>End action : click</message>
  <nestedLevel>1</nestedLevel>
</record>
<record>
  <date>2018-10-21T02:27:30</date>
  <millis>1540069050802</millis>
  <sequence>136</sequence>
  <level>START</level>
  <class>com.kms.katalon.core.logging.KeywordLogger</class>
  <method>startKeyword</method>
  <thread>1</thread>
  <message>Start action : verifyElementVisible</message>
  <nestedLevel>1</nestedLevel>
  <property name="startLine">27</property>
  <property name="stepIndex">6</property>
</record>
<record>
  <date>2018-10-21T02:27:30</date>
  <millis>1540069050802</millis>
  <sequence>137</sequence>
  <level>INFO</level>
  <class>com.kms.katalon.core.logging.KeywordLogger</class>
  <method>logMessage</method>
  <thread>1</thread>
  <message>Finding Test Object with id &amp;apos;Object Repository/AddShop/ShopDetails&amp;apos;</message>
  <nestedLevel>1</nestedLevel>
</record>
<record>
  <date>2018-10-21T02:27:30</date>
  <millis>1540069050877</millis>
  <sequence>138</sequence>
  <level>INFO</level>
  <class>com.kms.katalon.core.logging.KeywordLogger</class>
  <method>logMessage</method>
  <thread>1</thread>
  <message>Checking object</message>
  <nestedLevel>1</nestedLevel>
</record>
<record>
  <date>2018-10-21T02:27:30</date>
  <millis>1540069050877</millis>
  <sequence>139</sequence>
  <level>INFO</level>
  <class>com.kms.katalon.core.logging.KeywordLogger</class>
  <method>logMessage</method>
  <thread>1</thread>
  <message>Checking timeout</message>
  <nestedLevel>1</nestedLevel>
</record>
<record>
  <date>2018-10-21T02:27:30</date>
  <millis>1540069050878</millis>
  <sequence>140</sequence>
  <level>INFO</level>
  <class>com.kms.katalon.core.logging.KeywordLogger</class>
  <method>logMessage</method>
  <thread>1</thread>
  <message>Finding web element with id: &amp;apos;Object Repository/AddShop/ShopDetails&amp;apos; located by &amp;apos;By.xpath: //span[@data-localize=\&amp;quot;sidebar.nav.SHOP\&amp;quot;]&amp;apos; in &amp;apos;30&amp;apos; second(s)</message>
  <nestedLevel>1</nestedLevel>
</record>
<record>
  <date>2018-10-21T02:28:04</date>
  <millis>1540069084629</millis>
  <sequence>141</sequence>
  <level>INFO</level>
  <class>com.kms.katalon.core.logging.KeywordLogger</class>
  <method>logMessage</method>
  <thread>1</thread>
  <message>Unable to find the element located by &amp;apos;By.xpath: //span[@data-localize=\&amp;quot;sidebar.nav.SHOP\&amp;quot;]&amp;apos;. Please recheck the objects properties to make sure the desired element is located. </message>
  <nestedLevel>1</nestedLevel>
</record>
<record>
  <date>2018-10-21T02:28:04</date>
  <millis>1540069084803</millis>
  <sequence>142</sequence>
  <level>INFO</level>
  <class>com.kms.katalon.core.logging.KeywordLogger</class>
  <method>logMessage</method>
  <thread>1</thread>
  <message>Katalon Studio also found a similar element with these attributes: [tag]. See optimizing object identification guide: https://docs.katalon.com/x/fhlO</message>
  <nestedLevel>1</nestedLevel>
</record>
<record>
  <date>2018-10-21T02:28:04</date>
  <millis>1540069084804</millis>
  <sequence>143</sequence>
  <level>INFO</level>
  <class>com.kms.katalon.core.logging.KeywordLogger</class>
  <method>logMessage</method>
  <thread>1</thread>
  <message>Begin finding web elements by trial and error method</message>
  <nestedLevel>1</nestedLevel>
</record>
<record>
  <date>2018-10-21T02:28:04</date>
  <millis>1540069084805</millis>
  <sequence>144</sequence>
  <level>INFO</level>
  <class>com.kms.katalon.core.logging.KeywordLogger</class>
  <method>logMessage</method>
  <thread>1</thread>
  <message>Web element found by trial and error method is not used because we can&amp;apos;t guarantee it reflects the intended element. See detailed troubleshooting guide for common issues: https://docs.katalon.com/x/awXR</message>
  <nestedLevel>1</nestedLevel>
</record>
<record>
  <date>2018-10-21T02:28:05</date>
  <millis>1540069085303</millis>
  <sequence>145</sequence>
  <level>FAILED</level>
  <class>com.kms.katalon.core.logging.KeywordLogger</class>
  <method>logMessage</method>
  <thread>1</thread>
  <message>Web element with id: &amp;apos;Object Repository/AddShop/ShopDetails&amp;apos; located by &amp;apos;By.xpath: //span[@data-localize=\&amp;quot;sidebar.nav.SHOP\&amp;quot;]&amp;apos; not found</message>
  <nestedLevel>1</nestedLevel>
  <property name="attachment">1540069084806.png</property>
</record>
<record>
  <date>2018-10-21T02:28:05</date>
  <millis>1540069085631</millis>
  <sequence>146</sequence>
  <level>FAILED</level>
  <class>com.kms.katalon.core.logging.KeywordLogger</class>
  <method>logMessage</method>
  <thread>1</thread>
  <message>Unable to verify object &amp;apos;Object Repository/AddShop/ShopDetails&amp;apos; is visible (Root cause: Web element with id: &amp;apos;Object Repository/AddShop/ShopDetails&amp;apos; located by &amp;apos;By.xpath: //span[@data-localize=\&amp;quot;sidebar.nav.SHOP\&amp;quot;]&amp;apos; not found)</message>
  <nestedLevel>1</nestedLevel>
  <property name="attachment">1540069085307.png</property>
</record>
<record>
  <date>2018-10-21T02:28:05</date>
  <millis>1540069085633</millis>
  <sequence>147</sequence>
  <level>END</level>
  <class>com.kms.katalon.core.logging.KeywordLogger</class>
  <method>endKeyword</method>
  <thread>1</thread>
  <message>End action : verifyElementVisible</message>
  <nestedLevel>1</nestedLevel>
</record>
<record>
  <date>2018-10-21T02:28:05</date>
  <millis>1540069085666</millis>
  <sequence>148</sequence>
  <logger>com.kms.katalon.core.logging.KeywordLogger</logger>
  <level>FAILED</level>
  <class>com.kms.katalon.core.logging.KeywordLogger</class>
  <method>logMessage</method>
  <thread>1</thread>
  <message>Test Cases/Login/Login FAILED because (of) (Stack trace: com.kms.katalon.core.exception.StepFailedException: Unable to verify object &amp;apos;Object Repository/AddShop/ShopDetails&amp;apos; is visible (Root cause: Web element with id: &amp;apos;Object Repository/AddShop/ShopDetails&amp;apos; located by &amp;apos;By.xpath: //span[@data-localize=\&amp;quot;sidebar.nav.SHOP\&amp;quot;]&amp;apos; not found)\r\n\tat com.kms.katalon.core.keyword.internal.KeywordMain.stepFailed(KeywordMain.groovy:36)\r\n\tat com.kms.katalon.core.webui.keyword.internal.WebUIKeywordMain.stepFailed(WebUIKeywordMain.groovy:65)\r\n\tat com.kms.katalon.core.webui.keyword.internal.WebUIKeywordMain.runKeyword(WebUIKeywordMain.groovy:27)\r\n\tat com.kms.katalon.core.webui.keyword.builtin.VerifyElementVisibleKeyword.verifyElementVisible(VerifyElementVisibleKeyword.groovy:97)\r\n\tat com.kms.katalon.core.webui.keyword.builtin.VerifyElementVisibleKeyword.execute(VerifyElementVisibleKeyword.groovy:67)\r\n\tat com.kms.katalon.core.keyword.internal.KeywordExecutor.executeKeywordForPlatform(KeywordExecutor.groovy:53)\r\n\tat com.kms.katalon.core.webui.keyword.WebUiBuiltInKeywords.verifyElementVisible(WebUiBuiltInKeywords.groovy:358)\r\n\tat com.kms.katalon.core.webui.keyword.WebUiBuiltInKeywords$verifyElementVisible$3.call(Unknown Source)\r\n\tat Script1540066852305.run(Script1540066852305.groovy:27)\r\n\tat com.kms.katalon.core.main.ScriptEngine.run(ScriptEngine.java:183)\r\n\tat com.kms.katalon.core.main.ScriptEngine.runScriptAsRawText(ScriptEngine.java:108)\r\n\tat com.kms.katalon.core.main.TestCaseExecutor.runScript(TestCaseExecutor.java:294)\r\n\tat com.kms.katalon.core.main.TestCaseExecutor.doExecute(TestCaseExecutor.java:285)\r\n\tat com.kms.katalon.core.main.TestCaseExecutor.processExecutionPhase(TestCaseExecutor.java:264)\r\n\tat com.kms.katalon.core.main.TestCaseExecutor.accessMainPhase(TestCaseExecutor.java:256)\r\n\tat com.kms.katalon.core.main.TestCaseExecutor.execute(TestCaseExecutor.java:200)\r\n\tat com.kms.katalon.core.main.TestSuiteExecutor.accessTestCaseMainPhase(TestSuiteExecutor.java:129)\r\n\tat com.kms.katalon.core.main.TestSuiteExecutor.accessTestSuiteMainPhase(TestSuiteExecutor.java:112)\r\n\tat com.kms.katalon.core.main.TestSuiteExecutor.execute(TestSuiteExecutor.java:81)\r\n\tat com.kms.katalon.core.main.TestCaseMain.startTestSuite(TestCaseMain.java:142)\r\n\tat com.kms.katalon.core.main.TestCaseMain$startTestSuite$0.call(Unknown Source)\r\n\tat org.codehaus.groovy.runtime.callsite.CallSiteArray.defaultCall(CallSiteArray.java:48)\r\n\tat org.codehaus.groovy.runtime.callsite.AbstractCallSite.call(AbstractCallSite.java:113)\r\n\tat org.codehaus.groovy.runtime.callsite.AbstractCallSite.call(AbstractCallSite.java:141)\r\n\tat TempTestSuite1540069001021.run(TempTestSuite1540069001021.groovy:36)\r\n\tat groovy.lang.GroovyShell.runScriptOrMainOrTestOrRunnable(GroovyShell.java:263)\r\n\tat groovy.lang.GroovyShell.run(GroovyShell.java:518)\r\n\tat groovy.lang.GroovyShell.run(GroovyShell.java:507)\r\n\tat groovy.ui.GroovyMain.processOnce(GroovyMain.java:653)\r\n\tat groovy.ui.GroovyMain.run(GroovyMain.java:384)\r\n\tat groovy.ui.GroovyMain.process(GroovyMain.java:370)\r\n\tat groovy.ui.GroovyMain.processArgs(GroovyMain.java:129)\r\n\tat groovy.ui.GroovyMain.main(GroovyMain.java:109)\r\n\tat sun.reflect.NativeMethodAccessorImpl.invoke0(Native Method)\r\n\tat sun.reflect.NativeMethodAccessorImpl.invoke(NativeMethodAccessorImpl.java:62)\r\n\tat sun.reflect.DelegatingMethodAccessorImpl.invoke(DelegatingMethodAccessorImpl.java:43)\r\n\tat java.lang.reflect.Method.invoke(Method.java:498)\r\n\tat org.codehaus.groovy.tools.GroovyStarter.rootLoader(GroovyStarter.java:109)\r\n\tat org.codehaus.groovy.tools.GroovyStarter.main(GroovyStarter.java:131)\r\n)</message>
  <exception>
    <message>com.kms.katalon.core.exception.StepFailedException: Unable to verify object 'Object Repository/AddShop/ShopDetails' is visible (Root cause: Web element with id: 'Object Repository/AddShop/ShopDetails' located by 'By.xpath: //span[@data-localize="sidebar.nav.SHOP"]' not found)</message>
    <frame>
      <class>com.kms.katalon.core.keyword.internal.KeywordMain</class>
      <method>stepFailed</method>
      <line>36</line>
    </frame>
    <frame>
      <class>com.kms.katalon.core.webui.keyword.internal.WebUIKeywordMain</class>
      <method>stepFailed</method>
      <line>65</line>
    </frame>
    <frame>
      <class>com.kms.katalon.core.webui.keyword.internal.WebUIKeywordMain</class>
      <method>runKeyword</method>
      <line>27</line>
    </frame>
    <frame>
      <class>com.kms.katalon.core.webui.keyword.builtin.VerifyElementVisibleKeyword</class>
      <method>verifyElementVisible</method>
      <line>97</line>
    </frame>
    <frame>
      <class>com.kms.katalon.core.webui.keyword.builtin.VerifyElementVisibleKeyword</class>
      <method>execute</method>
      <line>67</line>
    </frame>
    <frame>
      <class>com.kms.katalon.core.keyword.internal.KeywordExecutor</class>
      <method>executeKeywordForPlatform</method>
      <line>53</line>
    </frame>
    <frame>
      <class>com.kms.katalon.core.webui.keyword.WebUiBuiltInKeywords</class>
      <method>verifyElementVisible</method>
      <line>358</line>
    </frame>
    <frame>
      <class>com.kms.katalon.core.webui.keyword.WebUiBuiltInKeywords$verifyElementVisible$3</class>
      <method>call</method>
    </frame>
    <frame>
      <class>Script1540066852305</class>
      <method>run</method>
      <line>27</line>
    </frame>
    <frame>
      <class>com.kms.katalon.core.main.ScriptEngine</class>
      <method>run</method>
      <line>183</line>
    </frame>
    <frame>
      <class>com.kms.katalon.core.main.ScriptEngine</class>
      <method>runScriptAsRawText</method>
      <line>108</line>
    </frame>
    <frame>
      <class>com.kms.katalon.core.main.TestCaseExecutor</class>
      <method>runScript</method>
      <line>294</line>
    </frame>
    <frame>
      <class>com.kms.katalon.core.main.TestCaseExecutor</class>
      <method>doExecute</method>
      <line>285</line>
    </frame>
    <frame>
      <class>com.kms.katalon.core.main.TestCaseExecutor</class>
      <method>processExecutionPhase</method>
      <line>264</line>
    </frame>
    <frame>
      <class>com.kms.katalon.core.main.TestCaseExecutor</class>
      <method>accessMainPhase</method>
      <line>256</line>
    </frame>
    <frame>
      <class>com.kms.katalon.core.main.TestCaseExecutor</class>
      <method>execute</method>
      <line>200</line>
    </frame>
    <frame>
      <class>com.kms.katalon.core.main.TestSuiteExecutor</class>
      <method>accessTestCaseMainPhase</method>
      <line>129</line>
    </frame>
    <frame>
      <class>com.kms.katalon.core.main.TestSuiteExecutor</class>
      <method>accessTestSuiteMainPhase</method>
      <line>112</line>
    </frame>
    <frame>
      <class>com.kms.katalon.core.main.TestSuiteExecutor</class>
      <method>execute</method>
      <line>81</line>
    </frame>
    <frame>
      <class>com.kms.katalon.core.main.TestCaseMain</class>
      <method>startTestSuite</method>
      <line>142</line>
    </frame>
    <frame>
      <class>com.kms.katalon.core.main.TestCaseMain$startTestSuite$0</class>
      <method>call</method>
    </frame>
    <frame>
      <class>org.codehaus.groovy.runtime.callsite.CallSiteArray</class>
      <method>defaultCall</method>
      <line>48</line>
    </frame>
    <frame>
      <class>org.codehaus.groovy.runtime.callsite.AbstractCallSite</class>
      <method>call</method>
      <line>113</line>
    </frame>
    <frame>
      <class>org.codehaus.groovy.runtime.callsite.AbstractCallSite</class>
      <method>call</method>
      <line>141</line>
    </frame>
    <frame>
      <class>TempTestSuite1540069001021</class>
      <method>run</method>
      <line>36</line>
    </frame>
    <frame>
      <class>groovy.lang.GroovyShell</class>
      <method>runScriptOrMainOrTestOrRunnable</method>
      <line>263</line>
    </frame>
    <frame>
      <class>groovy.lang.GroovyShell</class>
      <method>run</method>
      <line>518</line>
    </frame>
    <frame>
      <class>groovy.lang.GroovyShell</class>
      <method>run</method>
      <line>507</line>
    </frame>
    <frame>
      <class>groovy.ui.GroovyMain</class>
      <method>processOnce</method>
      <line>653</line>
    </frame>
    <frame>
      <class>groovy.ui.GroovyMain</class>
      <method>run</method>
      <line>384</line>
    </frame>
    <frame>
      <class>groovy.ui.GroovyMain</class>
      <method>process</method>
      <line>370</line>
    </frame>
    <frame>
      <class>groovy.ui.GroovyMain</class>
      <method>processArgs</method>
      <line>129</line>
    </frame>
    <frame>
      <class>groovy.ui.GroovyMain</class>
      <method>main</method>
      <line>109</line>
    </frame>
    <frame>
      <class>sun.reflect.NativeMethodAccessorImpl</class>
      <method>invoke0</method>
    </frame>
    <frame>
      <class>sun.reflect.NativeMethodAccessorImpl</class>
      <method>invoke</method>
      <line>62</line>
    </frame>
    <frame>
      <class>sun.reflect.DelegatingMethodAccessorImpl</class>
      <method>invoke</method>
      <line>43</line>
    </frame>
    <frame>
      <class>java.lang.reflect.Method</class>
      <method>invoke</method>
      <line>498</line>
    </frame>
    <frame>
      <class>org.codehaus.groovy.tools.GroovyStarter</class>
      <method>rootLoader</method>
      <line>109</line>
    </frame>
    <frame>
      <class>org.codehaus.groovy.tools.GroovyStarter</class>
      <method>main</method>
      <line>131</line>
    </frame>
  </exception>
  <nestedLevel>0</nestedLevel>
</record>
<record>
  <date>2018-10-21T02:28:05</date>
  <millis>1540069085675</millis>
  <sequence>149</sequence>
  <level>END</level>
  <class>com.kms.katalon.core.logging.KeywordLogger</class>
  <method>endTest</method>
  <thread>1</thread>
  <message>End Test Case : Test Cases/Login/Login</message>
  <nestedLevel>0</nestedLevel>
</record>
<record>
  <date>2018-10-21T02:28:05</date>
  <millis>1540069085683</millis>
  <sequence>150</sequence>
  <level>START</level>
  <class>com.kms.katalon.core.logging.KeywordLogger</class>
  <method>startTest</method>
  <thread>1</thread>
  <message>Start Test Case : Test Cases/Login/OpenUrl</message>
  <nestedLevel>1</nestedLevel>
  <property name="name">Test Cases/Login/OpenUrl</property>
  <property name="description"></property>
  <property name="id">Test Cases/Login/OpenUrl</property>
  <property name="source">E:\\Kula\\Project\\KulaProject\\New\\Kula\\Test Cases\\Login\\OpenUrl.tc</property>
  <property name="isOptional">false</property>
</record>
<record>
  <date>2018-10-21T02:28:05</date>
  <millis>1540069085703</millis>
  <sequence>151</sequence>
  <level>INFO</level>
  <class>com.kms.katalon.core.logging.KeywordLogger</class>
  <method>logMessage</method>
  <thread>1</thread>
  <message>Evaluating variables for test case</message>
  <nestedLevel>1</nestedLevel>
</record>
<record>
  <date>2018-10-21T02:28:05</date>
  <millis>1540069085703</millis>
  <sequence>152</sequence>
  <level>INFO</level>
  <class>com.kms.katalon.core.logging.KeywordLogger</class>
  <method>logMessage</method>
  <thread>1</thread>
  <message>Variable &amp;apos;SiteUrl&amp;apos; is set to https://kula-9ad00.firebaseapp.com/</message>
  <nestedLevel>1</nestedLevel>
</record>
<record>
  <date>2018-10-21T02:28:05</date>
  <millis>1540069085967</millis>
  <sequence>153</sequence>
  <level>START</level>
  <class>com.kms.katalon.core.logging.KeywordLogger</class>
  <method>startKeyword</method>
  <thread>1</thread>
  <message>Start action : openBrowser</message>
  <nestedLevel>1</nestedLevel>
  <property name="startLine">17</property>
  <property name="stepIndex">1</property>
</record>
<record>
  <date>2018-10-21T02:28:05</date>
  <millis>1540069085970</millis>
  <sequence>154</sequence>
  <level>INFO</level>
  <class>com.kms.katalon.core.logging.KeywordLogger</class>
  <method>logMessage</method>
  <thread>1</thread>
  <message>Opening browser</message>
  <nestedLevel>1</nestedLevel>
</record>
<record>
  <date>2018-10-21T02:28:05</date>
  <millis>1540069085970</millis>
  <sequence>155</sequence>
  <level>WARNING</level>
  <class>com.kms.katalon.core.logging.KeywordLogger</class>
  <method>logMessage</method>
  <thread>1</thread>
  <message>A browser is already opened. Closing browser and opening a new one</message>
  <nestedLevel>1</nestedLevel>
</record>
<record>
  <date>2018-10-21T02:28:06</date>
  <millis>1540069086764</millis>
  <sequence>156</sequence>
  <level>INFO</level>
  <class>com.kms.katalon.core.logging.KeywordLogger</class>
  <method>logMessage</method>
  <thread>1</thread>
  <message>Starting &amp;apos;Chrome&amp;apos; driver</message>
  <nestedLevel>1</nestedLevel>
</record>
<record>
  <date>2018-10-21T02:28:08</date>
  <millis>1540069088942</millis>
  <sequence>158</sequence>
  <level>RUN_DATA</level>
  <class>com.kms.katalon.core.logging.KeywordLogger</class>
  <method>logMessage</method>
  <thread>1</thread>
  <message>Logging run data &amp;apos;sessionId&amp;apos; with value &amp;apos;7229665ef4f484d1e18ec8ade9883a8b&amp;apos;</message>
  <nestedLevel>1</nestedLevel>
  <property name="sessionId">7229665ef4f484d1e18ec8ade9883a8b</property>
</record>
<record>
  <date>2018-10-21T02:28:09</date>
  <millis>1540069089671</millis>
  <sequence>159</sequence>
  <level>RUN_DATA</level>
  <class>com.kms.katalon.core.logging.KeywordLogger</class>
  <method>logMessage</method>
  <thread>1</thread>
  <message>Logging run data &amp;apos;browser&amp;apos; with value &amp;apos;Chrome 69.0.3497.100&amp;apos;</message>
  <nestedLevel>1</nestedLevel>
  <property name="browser">Chrome 69.0.3497.100</property>
</record>
<record>
  <date>2018-10-21T02:28:09</date>
  <millis>1540069089672</millis>
  <sequence>160</sequence>
  <level>RUN_DATA</level>
  <class>com.kms.katalon.core.logging.KeywordLogger</class>
  <method>logMessage</method>
  <thread>1</thread>
  <message>Logging run data &amp;apos;platform&amp;apos; with value &amp;apos;Windows 8.1&amp;apos;</message>
  <nestedLevel>1</nestedLevel>
  <property name="platform">Windows 8.1</property>
</record>
<record>
  <date>2018-10-21T02:28:09</date>
  <millis>1540069089672</millis>
  <sequence>161</sequence>
  <level>RUN_DATA</level>
  <class>com.kms.katalon.core.logging.KeywordLogger</class>
  <method>logMessage</method>
  <thread>1</thread>
  <message>Logging run data &amp;apos;seleniumVersion&amp;apos; with value &amp;apos;3.7.1&amp;apos;</message>
  <nestedLevel>1</nestedLevel>
  <property name="seleniumVersion">3.7.1</property>
</record>
<record>
  <date>2018-10-21T02:28:09</date>
  <millis>1540069089673</millis>
  <sequence>162</sequence>
  <level>RUN_DATA</level>
  <class>com.kms.katalon.core.logging.KeywordLogger</class>
  <method>logMessage</method>
  <thread>1</thread>
  <message>Logging run data &amp;apos;proxyInformation&amp;apos; with value &amp;apos;ProxyInformation{proxyOption=NO_PROXY, proxyServerType=HTTP, password=, proxyServerAddress=, proxyServerPort=0}&amp;apos;</message>
  <nestedLevel>1</nestedLevel>
  <property name="proxyInformation">ProxyInformation{proxyOption=NO_PROXY, proxyServerType=HTTP, password=, proxyServerAddress=, proxyServerPort=0}</property>
</record>
<record>
  <date>2018-10-21T02:28:09</date>
  <millis>1540069089674</millis>
  <sequence>163</sequence>
  <level>PASSED</level>
  <class>com.kms.katalon.core.logging.KeywordLogger</class>
  <method>logMessage</method>
  <thread>1</thread>
  <message>Browser is opened with url: &amp;apos;&amp;apos;</message>
  <nestedLevel>1</nestedLevel>
</record>
<record>
  <date>2018-10-21T02:28:09</date>
  <millis>1540069089675</millis>
  <sequence>164</sequence>
  <level>END</level>
  <class>com.kms.katalon.core.logging.KeywordLogger</class>
  <method>endKeyword</method>
  <thread>1</thread>
  <message>End action : openBrowser</message>
  <nestedLevel>1</nestedLevel>
</record>
<record>
  <date>2018-10-21T02:28:09</date>
  <millis>1540069089675</millis>
  <sequence>165</sequence>
  <level>START</level>
  <class>com.kms.katalon.core.logging.KeywordLogger</class>
  <method>startKeyword</method>
  <thread>1</thread>
  <message>Start action : navigateToUrl</message>
  <nestedLevel>1</nestedLevel>
  <property name="startLine">19</property>
  <property name="stepIndex">2</property>
</record>
<record>
  <date>2018-10-21T02:28:09</date>
  <millis>1540069089676</millis>
  <sequence>166</sequence>
  <level>INFO</level>
  <class>com.kms.katalon.core.logging.KeywordLogger</class>
  <method>logMessage</method>
  <thread>1</thread>
  <message>Checking url</message>
  <nestedLevel>1</nestedLevel>
</record>
<record>
  <date>2018-10-21T02:28:09</date>
  <millis>1540069089677</millis>
  <sequence>167</sequence>
  <level>INFO</level>
  <class>com.kms.katalon.core.logging.KeywordLogger</class>
  <method>logMessage</method>
  <thread>1</thread>
  <message>Navigating to &amp;apos;https://kula-9ad00.firebaseapp.com/&amp;apos;</message>
  <nestedLevel>1</nestedLevel>
</record>
<record>
  <date>2018-10-21T02:28:15</date>
  <millis>1540069095579</millis>
  <sequence>168</sequence>
  <level>PASSED</level>
  <class>com.kms.katalon.core.logging.KeywordLogger</class>
  <method>logMessage</method>
  <thread>1</thread>
  <message>Navigate to &amp;apos;https://kula-9ad00.firebaseapp.com/&amp;apos; successfully</message>
  <nestedLevel>1</nestedLevel>
</record>
<record>
  <date>2018-10-21T02:28:15</date>
  <millis>1540069095580</millis>
  <sequence>169</sequence>
  <level>END</level>
  <class>com.kms.katalon.core.logging.KeywordLogger</class>
  <method>endKeyword</method>
  <thread>1</thread>
  <message>End action : navigateToUrl</message>
  <nestedLevel>1</nestedLevel>
</record>
<record>
  <date>2018-10-21T02:28:15</date>
  <millis>1540069095580</millis>
  <sequence>170</sequence>
  <level>START</level>
  <class>com.kms.katalon.core.logging.KeywordLogger</class>
  <method>startKeyword</method>
  <thread>1</thread>
  <message>Start action : verifyTextPresent</message>
  <nestedLevel>1</nestedLevel>
  <property name="startLine">20</property>
  <property name="stepIndex">3</property>
</record>
<record>
  <date>2018-10-21T02:28:15</date>
  <millis>1540069095600</millis>
  <sequence>171</sequence>
  <level>INFO</level>
  <class>com.kms.katalon.core.logging.KeywordLogger</class>
  <method>logMessage</method>
  <thread>1</thread>
  <message>Checking text present  using regular expression</message>
  <nestedLevel>1</nestedLevel>
</record>
<record>
  <date>2018-10-21T02:28:15</date>
  <millis>1540069095693</millis>
  <sequence>172</sequence>
  <level>INFO</level>
  <class>com.kms.katalon.core.logging.KeywordLogger</class>
  <method>logMessage</method>
  <thread>1</thread>
  <message>Finding text &amp;apos;SIGN IN TO CONTINUE&amp;apos; on page  using regular expression</message>
  <nestedLevel>1</nestedLevel>
</record>
<record>
  <date>2018-10-21T02:28:15</date>
  <millis>1540069095693</millis>
  <sequence>173</sequence>
  <level>PASSED</level>
  <class>com.kms.katalon.core.logging.KeywordLogger</class>
  <method>logMessage</method>
  <thread>1</thread>
  <message>Text &amp;apos;SIGN IN TO CONTINUE&amp;apos; is present on page  using regular expression</message>
  <nestedLevel>1</nestedLevel>
</record>
<record>
  <date>2018-10-21T02:28:15</date>
  <millis>1540069095694</millis>
  <sequence>174</sequence>
  <level>END</level>
  <class>com.kms.katalon.core.logging.KeywordLogger</class>
  <method>endKeyword</method>
  <thread>1</thread>
  <message>End action : verifyTextPresent</message>
  <nestedLevel>1</nestedLevel>
</record>
<record>
  <date>2018-10-21T02:28:15</date>
  <millis>1540069095694</millis>
  <sequence>175</sequence>
  <level>START</level>
  <class>com.kms.katalon.core.logging.KeywordLogger</class>
  <method>startKeyword</method>
  <thread>1</thread>
  <message>Start action : closeBrowser</message>
  <nestedLevel>1</nestedLevel>
  <property name="startLine">22</property>
  <property name="stepIndex">4</property>
</record>
<record>
  <date>2018-10-21T02:28:15</date>
  <millis>1540069095695</millis>
  <sequence>176</sequence>
  <level>INFO</level>
  <class>com.kms.katalon.core.logging.KeywordLogger</class>
  <method>logMessage</method>
  <thread>1</thread>
  <message>Closing browser</message>
  <nestedLevel>1</nestedLevel>
</record>
<record>
  <date>2018-10-21T02:28:16</date>
  <millis>1540069096457</millis>
  <sequence>177</sequence>
  <level>PASSED</level>
  <class>com.kms.katalon.core.logging.KeywordLogger</class>
  <method>logMessage</method>
  <thread>1</thread>
  <message>Browser is closed</message>
  <nestedLevel>1</nestedLevel>
</record>
<record>
  <date>2018-10-21T02:28:16</date>
  <millis>1540069096459</millis>
  <sequence>178</sequence>
  <level>END</level>
  <class>com.kms.katalon.core.logging.KeywordLogger</class>
  <method>endKeyword</method>
  <thread>1</thread>
  <message>End action : closeBrowser</message>
  <nestedLevel>1</nestedLevel>
</record>
<record>
  <date>2018-10-21T02:28:16</date>
  <millis>1540069096460</millis>
  <sequence>179</sequence>
  <level>PASSED</level>
  <class>com.kms.katalon.core.logging.KeywordLogger</class>
  <method>logMessage</method>
  <thread>1</thread>
  <message>Test Cases/Login/OpenUrl</message>
  <nestedLevel>1</nestedLevel>
</record>
<record>
  <date>2018-10-21T02:28:16</date>
  <millis>1540069096462</millis>
  <sequence>180</sequence>
  <level>END</level>
  <class>com.kms.katalon.core.logging.KeywordLogger</class>
  <method>endTest</method>
  <thread>1</thread>
  <message>End Test Case : Test Cases/Login/OpenUrl</message>
  <nestedLevel>0</nestedLevel>
</record>
<record>
  <date>2018-10-21T02:28:16</date>
  <millis>1540069096529</millis>
  <sequence>181</sequence>
  <level>END</level>
  <class>com.kms.katalon.core.logging.KeywordLogger</class>
  <method>endSuite</method>
  <thread>1</thread>
  <message>End Test Suite : Test Suites/Login</message>
  <nestedLevel>0</nestedLevel>
</record>
</log>
